2025-10-30 22:11:16 [user-service] ERROR: ❌ Failed to register service with Consul: bad request
2025-10-30 22:11:18 [market-service] ERROR: ❌ Failed to register service with Consul: bad request
2025-10-30 22:11:21 [portfolio-service] ERROR: ❌ Failed to register service with Consul: bad request
2025-10-30 22:11:25 [trade-service] ERROR: ❌ Failed to register service with Consul: bad request
2025-10-30 22:11:28 [notification-service] ERROR: ❌ Failed to register service with Consul: bad request
2025-10-30 22:12:10 [notification-service] ERROR: ❌ Check price alerts error: Operation `pricealerts.find()` buffering timed out after 10000ms
2025-10-30 22:14:43 [user-service] ERROR: ❌ Failed to register service with Consul: bad request
2025-10-30 22:16:45 [user-service] ERROR: ❌ Failed to register service with Consul: bad request
2025-10-30 22:16:53 [market-service] ERROR: ❌ Failed to register service with Consul: bad request
2025-10-30 22:17:00 [portfolio-service] ERROR: ❌ Failed to register service with Consul: bad request
2025-10-30 22:17:07 [trade-service] ERROR: ❌ Failed to register service with Consul: bad request
2025-10-30 22:17:15 [notification-service] ERROR: ❌ Failed to register service with Consul: bad request
2025-10-30 22:18:10 [notification-service] ERROR: ❌ Check price alerts error: Operation `pricealerts.find()` buffering timed out after 10000ms
2025-10-30 22:19:10 [notification-service] ERROR: ❌ Check price alerts error: Operation `pricealerts.find()` buffering timed out after 10000ms
2025-10-30 22:20:56 [trade-service] ERROR: ❌ Get trade by ID error: Cast to ObjectId failed for value "health" (type string) at path "_id" for model "Trade"
2025-10-30 22:21:06 [trade-service] ERROR: ❌ Get trade by ID error: Cast to ObjectId failed for value "health" (type string) at path "_id" for model "Trade"
2025-10-30 22:21:10 [notification-service] ERROR: ❌ Check price alerts error: Operation `pricealerts.find()` buffering timed out after 10000ms
2025-10-30 22:21:16 [trade-service] ERROR: ❌ Get trade by ID error: Cast to ObjectId failed for value "health" (type string) at path "_id" for model "Trade"
2025-10-30 22:21:26 [trade-service] ERROR: ❌ Get trade by ID error: Cast to ObjectId failed for value "health" (type string) at path "_id" for model "Trade"
2025-10-30 22:21:36 [trade-service] ERROR: ❌ Get trade by ID error: Cast to ObjectId failed for value "health" (type string) at path "_id" for model "Trade"
2025-10-30 22:21:46 [trade-service] ERROR: ❌ Get trade by ID error: Cast to ObjectId failed for value "health" (type string) at path "_id" for model "Trade"
2025-10-30 22:21:56 [trade-service] ERROR: ❌ Get trade by ID error: Cast to ObjectId failed for value "health" (type string) at path "_id" for model "Trade"
2025-10-30 22:22:06 [trade-service] ERROR: ❌ Get trade by ID error: Cast to ObjectId failed for value "health" (type string) at path "_id" for model "Trade"
2025-10-30 22:22:10 [notification-service] ERROR: ❌ Check price alerts error: Operation `pricealerts.find()` buffering timed out after 10000ms
2025-10-30 22:22:16 [trade-service] ERROR: ❌ Get trade by ID error: Cast to ObjectId failed for value "health" (type string) at path "_id" for model "Trade"
2025-10-30 22:23:10 [notification-service] ERROR: ❌ Check price alerts error: Operation `pricealerts.find()` buffering timed out after 10000ms
2025-10-30 22:23:22 [trade-service] ERROR: ❌ Failed to deregister service: not found
2025-10-30 22:24:10 [notification-service] ERROR: ❌ Check price alerts error: Operation `pricealerts.find()` buffering timed out after 10000ms
2025-10-30 22:25:10 [notification-service] ERROR: ❌ Check price alerts error: Operation `pricealerts.find()` buffering timed out after 10000ms
2025-10-30 22:26:10 [notification-service] ERROR: ❌ Check price alerts error: Operation `pricealerts.find()` buffering timed out after 10000ms
2025-10-30 22:27:10 [notification-service] ERROR: ❌ Check price alerts error: Operation `pricealerts.find()` buffering timed out after 10000ms
2025-10-30 22:28:10 [notification-service] ERROR: ❌ Check price alerts error: Operation `pricealerts.find()` buffering timed out after 10000ms
2025-10-30 22:29:10 [notification-service] ERROR: ❌ Check price alerts error: Operation `pricealerts.find()` buffering timed out after 10000ms
2025-10-30 22:29:12 [market-service] ERROR: ❌ Failed to deregister service: not found
2025-10-30 22:30:10 [notification-service] ERROR: ❌ Check price alerts error: Operation `pricealerts.find()` buffering timed out after 10000ms
2025-10-30 22:31:10 [notification-service] ERROR: ❌ Check price alerts error: Operation `pricealerts.find()` buffering timed out after 10000ms
2025-10-30 22:32:10 [notification-service] ERROR: ❌ Check price alerts error: Operation `pricealerts.find()` buffering timed out after 10000ms
2025-10-30 22:32:32 [market-service] ERROR: ❌ Failed to deregister service: not found
2025-10-30 22:33:10 [notification-service] ERROR: ❌ Check price alerts error: Operation `pricealerts.find()` buffering timed out after 10000ms
2025-10-30 22:34:10 [notification-service] ERROR: ❌ Check price alerts error: Operation `pricealerts.find()` buffering timed out after 10000ms
2025-10-30 22:35:10 [notification-service] ERROR: ❌ Check price alerts error: Operation `pricealerts.find()` buffering timed out after 10000ms
2025-10-30 22:36:10 [notification-service] ERROR: ❌ Check price alerts error: Operation `pricealerts.find()` buffering timed out after 10000ms
2025-10-30 22:37:10 [notification-service] ERROR: ❌ Check price alerts error: Operation `pricealerts.find()` buffering timed out after 10000ms
2025-10-30 22:38:10 [notification-service] ERROR: ❌ Check price alerts error: Operation `pricealerts.find()` buffering timed out after 10000ms
2025-10-30 22:38:59 [user-service] ERROR: ❌ Error: request aborted
2025-10-30 22:39:10 [notification-service] ERROR: ❌ Check price alerts error: Operation `pricealerts.find()` buffering timed out after 10000ms
2025-10-30 22:40:10 [notification-service] ERROR: ❌ Check price alerts error: Operation `pricealerts.find()` buffering timed out after 10000ms
2025-10-30 22:40:47 [user-service] ERROR: ❌ Register error: Operation `users.findOne()` buffering timed out after 10000ms
2025-10-30 22:40:59 [user-service] ERROR: ❌ Error: request aborted
2025-10-30 22:41:10 [notification-service] ERROR: ❌ Check price alerts error: Operation `pricealerts.find()` buffering timed out after 10000ms
2025-10-30 22:42:10 [notification-service] ERROR: ❌ Check price alerts error: Operation `pricealerts.find()` buffering timed out after 10000ms
2025-10-30 22:43:10 [notification-service] ERROR: ❌ Check price alerts error: Operation `pricealerts.find()` buffering timed out after 10000ms
2025-10-30 22:44:10 [notification-service] ERROR: ❌ Check price alerts error: Operation `pricealerts.find()` buffering timed out after 10000ms
2025-10-30 22:45:05 [user-service] ERROR: ❌ Register error: Operation `users.findOne()` buffering timed out after 10000ms
2025-10-30 22:45:10 [notification-service] ERROR: ❌ Check price alerts error: Operation `pricealerts.find()` buffering timed out after 10000ms
2025-10-30 22:46:10 [notification-service] ERROR: ❌ Check price alerts error: Operation `pricealerts.find()` buffering timed out after 10000ms
2025-10-30 22:47:10 [notification-service] ERROR: ❌ Check price alerts error: Operation `pricealerts.find()` buffering timed out after 10000ms
2025-10-30 22:48:10 [notification-service] ERROR: ❌ Check price alerts error: Operation `pricealerts.find()` buffering timed out after 10000ms
2025-10-30 22:49:10 [notification-service] ERROR: ❌ Check price alerts error: Operation `pricealerts.find()` buffering timed out after 10000ms
2025-10-30 22:50:10 [notification-service] ERROR: ❌ Check price alerts error: Operation `pricealerts.find()` buffering timed out after 10000ms
2025-10-30 22:50:36 [market-service] ERROR: ❌ Failed to deregister service: not found
2025-10-30 22:51:34 [user-service] ERROR: ❌ Register error: Operation `users.findOne()` buffering timed out after 10000ms
2025-10-30 22:52:10 [notification-service] ERROR: ❌ Check price alerts error: Operation `pricealerts.find()` buffering timed out after 10000ms
2025-10-30 22:53:10 [notification-service] ERROR: ❌ Check price alerts error: Operation `pricealerts.find()` buffering timed out after 10000ms
2025-10-30 22:54:10 [notification-service] ERROR: ❌ Check price alerts error: Operation `pricealerts.find()` buffering timed out after 10000ms
2025-10-30 22:55:10 [notification-service] ERROR: ❌ Check price alerts error: Operation `pricealerts.find()` buffering timed out after 10000ms
2025-10-30 22:56:10 [notification-service] ERROR: ❌ Check price alerts error: Operation `pricealerts.find()` buffering timed out after 10000ms
2025-10-30 22:57:10 [notification-service] ERROR: ❌ Check price alerts error: Operation `pricealerts.find()` buffering timed out after 10000ms
2025-10-30 22:58:10 [notification-service] ERROR: ❌ Check price alerts error: Operation `pricealerts.find()` buffering timed out after 10000ms
2025-10-30 22:59:10 [notification-service] ERROR: ❌ Check price alerts error: Operation `pricealerts.find()` buffering timed out after 10000ms
2025-10-30 23:00:06 [user-service] ERROR: ❌ Register error: Operation `users.findOne()` buffering timed out after 10000ms
2025-10-30 23:00:10 [notification-service] ERROR: ❌ Check price alerts error: Operation `pricealerts.find()` buffering timed out after 10000ms
2025-10-30 23:02:10 [notification-service] ERROR: ❌ Check price alerts error: Operation `pricealerts.find()` buffering timed out after 10000ms
2025-10-30 23:03:10 [notification-service] ERROR: ❌ Check price alerts error: Operation `pricealerts.find()` buffering timed out after 10000ms
2025-10-30 23:04:52 [user-service] ERROR: ❌ Register error: Operation `users.findOne()` buffering timed out after 10000ms
2025-10-30 23:05:10 [notification-service] ERROR: ❌ Check price alerts error: Operation `pricealerts.find()` buffering timed out after 10000ms
2025-10-30 23:06:10 [notification-service] ERROR: ❌ Check price alerts error: Operation `pricealerts.find()` buffering timed out after 10000ms
2025-10-30 23:07:11 [notification-service] ERROR: ❌ Check price alerts error: Operation `pricealerts.find()` buffering timed out after 10000ms
2025-10-30 23:08:10 [notification-service] ERROR: ❌ Check price alerts error: Operation `pricealerts.find()` buffering timed out after 10000ms
2025-10-30 23:08:16 [user-service] ERROR: ❌ Register error: Operation `users.findOne()` buffering timed out after 10000ms
2025-10-30 23:09:10 [notification-service] ERROR: ❌ Check price alerts error: Operation `pricealerts.find()` buffering timed out after 10000ms
2025-10-30 23:10:10 [notification-service] ERROR: ❌ Check price alerts error: Operation `pricealerts.find()` buffering timed out after 10000ms
2025-10-30 23:12:10 [notification-service] ERROR: ❌ Check price alerts error: Operation `pricealerts.find()` buffering timed out after 10000ms
2025-10-30 23:12:12 [user-service] ERROR: ❌ Register error: Operation `users.findOne()` buffering timed out after 10000ms
2025-10-30 23:14:07 [user-service] ERROR: ❌ Register error: Operation `users.findOne()` buffering timed out after 10000ms
2025-10-30 23:14:10 [notification-service] ERROR: ❌ Check price alerts error: Operation `pricealerts.find()` buffering timed out after 10000ms
2025-10-30 23:15:10 [notification-service] ERROR: ❌ Check price alerts error: Operation `pricealerts.find()` buffering timed out after 10000ms
2025-10-30 23:16:13 [user-service] ERROR: ❌ Register error: Cannot call `users.findOne()` before initial connection is complete if `bufferCommands = false`. Make sure you `await mongoose.connect()` if you have `bufferCommands = false`.
2025-10-30 23:17:00 [notification-service] ERROR: ❌ Check price alerts error: Cannot call `pricealerts.find()` before initial connection is complete if `bufferCommands = false`. Make sure you `await mongoose.connect()` if you have `bufferCommands = false`.
2025-10-30 23:18:00 [notification-service] ERROR: ❌ Check price alerts error: Cannot call `pricealerts.find()` before initial connection is complete if `bufferCommands = false`. Make sure you `await mongoose.connect()` if you have `bufferCommands = false`.
2025-10-30 23:19:00 [notification-service] ERROR: ❌ Check price alerts error: Cannot call `pricealerts.find()` before initial connection is complete if `bufferCommands = false`. Make sure you `await mongoose.connect()` if you have `bufferCommands = false`.
2025-10-30 23:19:13 [user-service] ERROR: ❌ Register error: Cannot call `users.findOne()` before initial connection is complete if `bufferCommands = false`. Make sure you `await mongoose.connect()` if you have `bufferCommands = false`.
2025-10-30 23:20:00 [notification-service] ERROR: ❌ Check price alerts error: Cannot call `pricealerts.find()` before initial connection is complete if `bufferCommands = false`. Make sure you `await mongoose.connect()` if you have `bufferCommands = false`.
2025-10-30 23:21:00 [notification-service] ERROR: ❌ Check price alerts error: Cannot call `pricealerts.find()` before initial connection is complete if `bufferCommands = false`. Make sure you `await mongoose.connect()` if you have `bufferCommands = false`.
2025-10-30 23:22:00 [notification-service] ERROR: ❌ Check price alerts error: Cannot call `pricealerts.find()` before initial connection is complete if `bufferCommands = false`. Make sure you `await mongoose.connect()` if you have `bufferCommands = false`.
2025-10-30 23:22:51 [user-service] ERROR: ❌ Register error: Operation `users.findOne()` buffering timed out after 10000ms
2025-10-30 23:23:10 [notification-service] ERROR: ❌ Check price alerts error: Operation `pricealerts.find()` buffering timed out after 10000ms
